{"name":"SignUp Page Validating","status":"failed","statusDetails":{"known":false,"muted":false,"flaky":false,"message":"expected [john_smith@gmail.com] but found [john_smith@gmail.com ]","trace":"java.lang.AssertionError: expected [john_smith@gmail.com] but found [john_smith@gmail.com ]\n\tat org.testng.Assert.fail(Assert.java:97)\n\tat org.testng.Assert.assertEqualsImpl(Assert.java:136)\n\tat org.testng.Assert.assertEquals(Assert.java:118)\n\tat org.testng.Assert.assertEquals(Assert.java:575)\n\tat org.testng.Assert.assertEquals(Assert.java:585)\n\tat core.AllureReportTest.assertElement(AllureReportTest.java:24)\n\tat core.AllureReportTest.SignUpTest(AllureReportTest.java:38)\n\tat sun.reflect.NativeMethodAccessorImpl.invoke0(Native Method)\n\tat sun.reflect.NativeMethodAccessorImpl.invoke(NativeMethodAccessorImpl.java:62)\n\tat sun.reflect.DelegatingMethodAccessorImpl.invoke(DelegatingMethodAccessorImpl.java:43)\n\tat java.lang.reflect.Method.invoke(Method.java:498)\n\tat org.testng.internal.MethodInvocationHelper.invokeMethod(MethodInvocationHelper.java:134)\n\tat org.testng.internal.TestInvoker.invokeMethod(TestInvoker.java:597)\n\tat org.testng.internal.TestInvoker.invokeTestMethod(TestInvoker.java:173)\n\tat org.testng.internal.MethodRunner.runInSequence(MethodRunner.java:46)\n\tat org.testng.internal.TestInvoker$MethodInvocationAgent.invoke(TestInvoker.java:816)\n\tat org.testng.internal.TestInvoker.invokeTestMethods(TestInvoker.java:146)\n\tat org.testng.internal.TestMethodWorker.invokeTestMethods(TestMethodWorker.java:146)\n\tat org.testng.internal.TestMethodWorker.run(TestMethodWorker.java:128)\n\tat java.util.ArrayList.forEach(ArrayList.java:1257)\n\tat org.testng.TestRunner.privateRun(TestRunner.java:766)\n\tat org.testng.TestRunner.run(TestRunner.java:587)\n\tat org.testng.SuiteRunner.runTest(SuiteRunner.java:384)\n\tat org.testng.SuiteRunner.runSequentially(SuiteRunner.java:378)\n\tat org.testng.SuiteRunner.privateRun(SuiteRunner.java:337)\n\tat org.testng.SuiteRunner.run(SuiteRunner.java:286)\n\tat org.testng.SuiteRunnerWorker.runSuite(SuiteRunnerWorker.java:53)\n\tat org.testng.SuiteRunnerWorker.run(SuiteRunnerWorker.java:96)\n\tat org.testng.TestNG.runSuitesSequentially(TestNG.java:1187)\n\tat org.testng.TestNG.runSuitesLocally(TestNG.java:1109)\n\tat org.testng.TestNG.runSuites(TestNG.java:1039)\n\tat org.testng.TestNG.run(TestNG.java:1007)\n\tat com.intellij.rt.testng.IDEARemoteTestNG.run(IDEARemoteTestNG.java:66)\n\tat com.intellij.rt.testng.RemoteTestNGStarter.main(RemoteTestNGStarter.java:110)\n"},"stage":"finished","description":"SignUp Page: Elements Validation","steps":[{"name":"Step [set value] - [John]","status":"passed","stage":"finished","steps":[],"attachments":[],"parameters":[{"name":"by","value":"By.id: id_fname"},{"name":"value","value":"John"}],"start":1591903882726,"stop":1591903882836},{"name":"Step [validate element] - Expected: John/Actual: John","status":"passed","stage":"finished","steps":[],"attachments":[],"parameters":[{"name":"expected","value":"John"},{"name":"actual","value":"John"}],"start":1591903882904,"stop":1591903882907},{"name":"Step [set value] - [Smith]","status":"passed","stage":"finished","steps":[],"attachments":[],"parameters":[{"name":"by","value":"By.id: id_lname"},{"name":"value","value":"Smith"}],"start":1591903882907,"stop":1591903882972},{"name":"Step [validate element] - Expected: Smith/Actual: Smith","status":"passed","stage":"finished","steps":[],"attachments":[],"parameters":[{"name":"expected","value":"Smith"},{"name":"actual","value":"Smith"}],"start":1591903883033,"stop":1591903883033},{"name":"Step [set value] - [john_smith@gmail.com ]","status":"passed","stage":"finished","steps":[],"attachments":[],"parameters":[{"name":"by","value":"By.id: id_email"},{"name":"value","value":"john_smith@gmail.com "}],"start":1591903883033,"stop":1591903883107},{"name":"Step [validate element] - Expected: john_smith@gmail.com /Actual: john_smith@gmail.com","status":"failed","statusDetails":{"known":false,"muted":false,"flaky":false,"message":"expected [john_smith@gmail.com] but found [john_smith@gmail.com ]","trace":"java.lang.AssertionError: expected [john_smith@gmail.com] but found [john_smith@gmail.com ]\n\tat org.testng.Assert.fail(Assert.java:97)\n\tat org.testng.Assert.assertEqualsImpl(Assert.java:136)\n\tat org.testng.Assert.assertEquals(Assert.java:118)\n\tat org.testng.Assert.assertEquals(Assert.java:575)\n\tat org.testng.Assert.assertEquals(Assert.java:585)\n\tat core.AllureReportTest.assertElement(AllureReportTest.java:24)\n\tat core.AllureReportTest.SignUpTest(AllureReportTest.java:38)\n\tat sun.reflect.NativeMethodAccessorImpl.invoke0(Native Method)\n\tat sun.reflect.NativeMethodAccessorImpl.invoke(NativeMethodAccessorImpl.java:62)\n\tat sun.reflect.DelegatingMethodAccessorImpl.invoke(DelegatingMethodAccessorImpl.java:43)\n\tat java.lang.reflect.Method.invoke(Method.java:498)\n\tat org.testng.internal.MethodInvocationHelper.invokeMethod(MethodInvocationHelper.java:134)\n\tat org.testng.internal.TestInvoker.invokeMethod(TestInvoker.java:597)\n\tat org.testng.internal.TestInvoker.invokeTestMethod(TestInvoker.java:173)\n\tat org.testng.internal.MethodRunner.runInSequence(MethodRunner.java:46)\n\tat org.testng.internal.TestInvoker$MethodInvocationAgent.invoke(TestInvoker.java:816)\n\tat org.testng.internal.TestInvoker.invokeTestMethods(TestInvoker.java:146)\n\tat org.testng.internal.TestMethodWorker.invokeTestMethods(TestMethodWorker.java:146)\n\tat org.testng.internal.TestMethodWorker.run(TestMethodWorker.java:128)\n\tat java.util.ArrayList.forEach(ArrayList.java:1257)\n\tat org.testng.TestRunner.privateRun(TestRunner.java:766)\n\tat org.testng.TestRunner.run(TestRunner.java:587)\n\tat org.testng.SuiteRunner.runTest(SuiteRunner.java:384)\n\tat org.testng.SuiteRunner.runSequentially(SuiteRunner.java:378)\n\tat org.testng.SuiteRunner.privateRun(SuiteRunner.java:337)\n\tat org.testng.SuiteRunner.run(SuiteRunner.java:286)\n\tat org.testng.SuiteRunnerWorker.runSuite(SuiteRunnerWorker.java:53)\n\tat org.testng.SuiteRunnerWorker.run(SuiteRunnerWorker.java:96)\n\tat org.testng.TestNG.runSuitesSequentially(TestNG.java:1187)\n\tat org.testng.TestNG.runSuitesLocally(TestNG.java:1109)\n\tat org.testng.TestNG.runSuites(TestNG.java:1039)\n\tat org.testng.TestNG.run(TestNG.java:1007)\n\tat com.intellij.rt.testng.IDEARemoteTestNG.run(IDEARemoteTestNG.java:66)\n\tat com.intellij.rt.testng.RemoteTestNGStarter.main(RemoteTestNGStarter.java:110)\n"},"stage":"finished","steps":[],"attachments":[],"parameters":[{"name":"expected","value":"john_smith@gmail.com "},{"name":"actual","value":"john_smith@gmail.com"}],"start":1591903883172,"stop":1591903883174}],"attachments":[],"parameters":[{"name":"","value":""}],"start":1591903882720,"stop":1591903883183,"uuid":"a89385c6-2780-4829-88e4-4aa102150fef","historyId":"cc5d1fe6ea2d74c9a51f35faa60c78f9","fullName":"core.AllureReportTest.SignUpTest","labels":[{"name":"package","value":"core.AllureReportTest"},{"name":"testClass","value":"core.AllureReportTest"},{"name":"testMethod","value":"SignUpTest"},{"name":"parentSuite","value":"Default Suite"},{"name":"suite","value":"HW_46_new"},{"name":"subSuite","value":"core.AllureReportTest"},{"name":"host","value":"MBP-Dmitriy.local"},{"name":"thread","value":"9046@MBP-Dmitriy.local.main(1)"},{"name":"framework","value":"testng"},{"name":"language","value":"java"}],"links":[]}